<?xml version="1.0" encoding="UTF-8"?>
<!-- Generated by org.testng.reporters.JUnitReportReporter -->
<testsuite skipped="0" hostname="DESKTOP-6QQF9JU" name="com.JQuery_practic.JqueryUITest" tests="3" failures="0" timestamp="31 Aug 2019 20:54:23 GMT" time="102.557" errors="0">
  <testcase name="StartChromeBrowser" time="8.928" classname="com.JQuery_practic.JqueryUITest"/>
  <testcase name="interactions" time="21.884" classname="com.JQuery_practic.JqueryUITest"/>
  <testcase name="widgets" time="71.745" classname="com.JQuery_practic.JqueryUITest"/>
</testsuite> <!-- com.JQuery_practic.JqueryUITest -->
