<?xml version="1.0" encoding="UTF-8"?>
<!-- Generated by org.testng.reporters.JUnitReportReporter -->
<testsuite skipped="0" hostname="DESKTOP-6QQF9JU" name="Jquery_UI_Test.JqueryTest1" tests="1" failures="0" timestamp="26 Apr 2019 21:35:12 GMT" time="66.473" errors="0">
  <testcase name="Testing_Jquery_UI" time="66.473" classname="Jquery_UI_Test.JqueryTest1"/>
</testsuite> <!-- Jquery_UI_Test.JqueryTest1 -->
