<?xml version="1.0" encoding="UTF-8"?>
<!-- Generated by org.testng.reporters.JUnitReportReporter -->
<testsuite skipped="0" hostname="DESKTOP-6QQF9JU" name="com.JQuery_practic.JQueryAutomation" tests="1" failures="0" timestamp="26 Apr 2019 22:46:58 GMT" time="12.440" errors="0">
  <testcase name="Interactions" time="12.440" classname="com.JQuery_practic.JQueryAutomation"/>
</testsuite> <!-- com.JQuery_practic.JQueryAutomation -->
